{"total": {"lines":{"total":803,"covered":96,"skipped":0,"pct":11.95},"statements":{"total":851,"covered":109,"skipped":0,"pct":12.8},"functions":{"total":356,"covered":24,"skipped":0,"pct":6.74},"branches":{"total":280,"covered":79,"skipped":0,"pct":28.21},"branchesTrue":{"total":0,"covered":0,"skipped":0,"pct":100}}
,"/Users/jamesmartin/Projects/asset-management-tool/Asset-Management-Tool/apps/web/src/hooks/create-entity-hooks.ts": {"lines":{"total":39,"covered":8,"skipped":0,"pct":20.51},"functions":{"total":25,"covered":1,"skipped":0,"pct":4},"statements":{"total":41,"covered":10,"skipped":0,"pct":24.39},"branches":{"total":10,"covered":10,"skipped":0,"pct":100}}
,"/Users/jamesmartin/Projects/asset-management-tool/Asset-Management-Tool/apps/web/src/hooks/use-application-types.ts": {"lines":{"total":10,"covered":0,"skipped":0,"pct":0},"functions":{"total":2,"covered":0,"skipped":0,"pct":0},"statements":{"total":10,"covered":0,"skipped":0,"pct":0},"branches":{"total":2,"covered":0,"skipped":0,"pct":0}}
,"/Users/jamesmartin/Projects/asset-management-tool/Asset-Management-Tool/apps/web/src/hooks/use-applications.ts": {"lines":{"total":43,"covered":0,"skipped":0,"pct":0},"functions":{"total":24,"covered":0,"skipped":0,"pct":0},"statements":{"total":43,"covered":0,"skipped":0,"pct":0},"branches":{"total":0,"covered":0,"skipped":0,"pct":100}}
,"/Users/jamesmartin/Projects/asset-management-tool/Asset-Management-Tool/apps/web/src/hooks/use-asset-model-image.ts": {"lines":{"total":37,"covered":0,"skipped":0,"pct":0},"functions":{"total":8,"covered":0,"skipped":0,"pct":0},"statements":{"total":40,"covered":0,"skipped":0,"pct":0},"branches":{"total":18,"covered":0,"skipped":0,"pct":0}}
,"/Users/jamesmartin/Projects/asset-management-tool/Asset-Management-Tool/apps/web/src/hooks/use-asset-models.ts": {"lines":{"total":23,"covered":0,"skipped":0,"pct":0},"functions":{"total":16,"covered":0,"skipped":0,"pct":0},"statements":{"total":23,"covered":0,"skipped":0,"pct":0},"branches":{"total":2,"covered":0,"skipped":0,"pct":0}}
,"/Users/jamesmartin/Projects/asset-management-tool/Asset-Management-Tool/apps/web/src/hooks/use-asset-templates.ts": {"lines":{"total":22,"covered":0,"skipped":0,"pct":0},"functions":{"total":16,"covered":0,"skipped":0,"pct":0},"statements":{"total":22,"covered":0,"skipped":0,"pct":0},"branches":{"total":0,"covered":0,"skipped":0,"pct":100}}
,"/Users/jamesmartin/Projects/asset-management-tool/Asset-Management-Tool/apps/web/src/hooks/use-asset-types.ts": {"lines":{"total":10,"covered":0,"skipped":0,"pct":0},"functions":{"total":2,"covered":0,"skipped":0,"pct":0},"statements":{"total":10,"covered":0,"skipped":0,"pct":0},"branches":{"total":2,"covered":0,"skipped":0,"pct":0}}
,"/Users/jamesmartin/Projects/asset-management-tool/Asset-Management-Tool/apps/web/src/hooks/use-assets.ts": {"lines":{"total":31,"covered":0,"skipped":0,"pct":0},"functions":{"total":20,"covered":0,"skipped":0,"pct":0},"statements":{"total":35,"covered":0,"skipped":0,"pct":0},"branches":{"total":0,"covered":0,"skipped":0,"pct":100}}
,"/Users/jamesmartin/Projects/asset-management-tool/Asset-Management-Tool/apps/web/src/hooks/use-attachments.ts": {"lines":{"total":12,"covered":0,"skipped":0,"pct":0},"functions":{"total":9,"covered":0,"skipped":0,"pct":0},"statements":{"total":12,"covered":0,"skipped":0,"pct":0},"branches":{"total":2,"covered":0,"skipped":0,"pct":0}}
,"/Users/jamesmartin/Projects/asset-management-tool/Asset-Management-Tool/apps/web/src/hooks/use-audit-logs.ts": {"lines":{"total":4,"covered":0,"skipped":0,"pct":0},"functions":{"total":3,"covered":0,"skipped":0,"pct":0},"statements":{"total":4,"covered":0,"skipped":0,"pct":0},"branches":{"total":0,"covered":0,"skipped":0,"pct":100}}
,"/Users/jamesmartin/Projects/asset-management-tool/Asset-Management-Tool/apps/web/src/hooks/use-certificate-types.ts": {"lines":{"total":10,"covered":0,"skipped":0,"pct":0},"functions":{"total":2,"covered":0,"skipped":0,"pct":0},"statements":{"total":10,"covered":0,"skipped":0,"pct":0},"branches":{"total":2,"covered":0,"skipped":0,"pct":0}}
,"/Users/jamesmartin/Projects/asset-management-tool/Asset-Management-Tool/apps/web/src/hooks/use-certificates.ts": {"lines":{"total":24,"covered":0,"skipped":0,"pct":0},"functions":{"total":10,"covered":0,"skipped":0,"pct":0},"statements":{"total":24,"covered":0,"skipped":0,"pct":0},"branches":{"total":0,"covered":0,"skipped":0,"pct":100}}
,"/Users/jamesmartin/Projects/asset-management-tool/Asset-Management-Tool/apps/web/src/hooks/use-dashboard-preferences.ts": {"lines":{"total":12,"covered":0,"skipped":0,"pct":0},"functions":{"total":6,"covered":0,"skipped":0,"pct":0},"statements":{"total":12,"covered":0,"skipped":0,"pct":0},"branches":{"total":2,"covered":0,"skipped":0,"pct":0}}
,"/Users/jamesmartin/Projects/asset-management-tool/Asset-Management-Tool/apps/web/src/hooks/use-dashboard.ts": {"lines":{"total":21,"covered":0,"skipped":0,"pct":0},"functions":{"total":20,"covered":0,"skipped":0,"pct":0},"statements":{"total":21,"covered":0,"skipped":0,"pct":0},"branches":{"total":16,"covered":0,"skipped":0,"pct":0}}
,"/Users/jamesmartin/Projects/asset-management-tool/Asset-Management-Tool/apps/web/src/hooks/use-density.ts": {"lines":{"total":21,"covered":0,"skipped":0,"pct":0},"functions":{"total":6,"covered":0,"skipped":0,"pct":0},"statements":{"total":22,"covered":0,"skipped":0,"pct":0},"branches":{"total":2,"covered":0,"skipped":0,"pct":0}}
,"/Users/jamesmartin/Projects/asset-management-tool/Asset-Management-Tool/apps/web/src/hooks/use-list-page.ts": {"lines":{"total":59,"covered":0,"skipped":0,"pct":0},"functions":{"total":16,"covered":0,"skipped":0,"pct":0},"statements":{"total":63,"covered":0,"skipped":0,"pct":0},"branches":{"total":32,"covered":0,"skipped":0,"pct":0}}
,"/Users/jamesmartin/Projects/asset-management-tool/Asset-Management-Tool/apps/web/src/hooks/use-locations.ts": {"lines":{"total":24,"covered":0,"skipped":0,"pct":0},"functions":{"total":9,"covered":0,"skipped":0,"pct":0},"statements":{"total":24,"covered":0,"skipped":0,"pct":0},"branches":{"total":0,"covered":0,"skipped":0,"pct":100}}
,"/Users/jamesmartin/Projects/asset-management-tool/Asset-Management-Tool/apps/web/src/hooks/use-mobile.ts": {"lines":{"total":10,"covered":0,"skipped":0,"pct":0},"functions":{"total":4,"covered":0,"skipped":0,"pct":0},"statements":{"total":11,"covered":0,"skipped":0,"pct":0},"branches":{"total":0,"covered":0,"skipped":0,"pct":100}}
,"/Users/jamesmartin/Projects/asset-management-tool/Asset-Management-Tool/apps/web/src/hooks/use-people.ts": {"lines":{"total":32,"covered":0,"skipped":0,"pct":0},"functions":{"total":17,"covered":0,"skipped":0,"pct":0},"statements":{"total":32,"covered":0,"skipped":0,"pct":0},"branches":{"total":3,"covered":0,"skipped":0,"pct":0}}
,"/Users/jamesmartin/Projects/asset-management-tool/Asset-Management-Tool/apps/web/src/hooks/use-profile.ts": {"lines":{"total":2,"covered":0,"skipped":0,"pct":0},"functions":{"total":2,"covered":0,"skipped":0,"pct":0},"statements":{"total":2,"covered":0,"skipped":0,"pct":0},"branches":{"total":0,"covered":0,"skipped":0,"pct":100}}
,"/Users/jamesmartin/Projects/asset-management-tool/Asset-Management-Tool/apps/web/src/hooks/use-reports.ts": {"lines":{"total":15,"covered":0,"skipped":0,"pct":0},"functions":{"total":14,"covered":0,"skipped":0,"pct":0},"statements":{"total":15,"covered":0,"skipped":0,"pct":0},"branches":{"total":6,"covered":0,"skipped":0,"pct":0}}
,"/Users/jamesmartin/Projects/asset-management-tool/Asset-Management-Tool/apps/web/src/hooks/use-saved-view-state.ts": {"lines":{"total":52,"covered":0,"skipped":0,"pct":0},"functions":{"total":8,"covered":0,"skipped":0,"pct":0},"statements":{"total":62,"covered":0,"skipped":0,"pct":0},"branches":{"total":44,"covered":0,"skipped":0,"pct":0}}
,"/Users/jamesmartin/Projects/asset-management-tool/Asset-Management-Tool/apps/web/src/hooks/use-saved-views.ts": {"lines":{"total":20,"covered":0,"skipped":0,"pct":0},"functions":{"total":15,"covered":0,"skipped":0,"pct":0},"statements":{"total":20,"covered":0,"skipped":0,"pct":0},"branches":{"total":0,"covered":0,"skipped":0,"pct":100}}
,"/Users/jamesmartin/Projects/asset-management-tool/Asset-Management-Tool/apps/web/src/hooks/use-search.ts": {"lines":{"total":2,"covered":0,"skipped":0,"pct":0},"functions":{"total":2,"covered":0,"skipped":0,"pct":0},"statements":{"total":2,"covered":0,"skipped":0,"pct":0},"branches":{"total":0,"covered":0,"skipped":0,"pct":100}}
,"/Users/jamesmartin/Projects/asset-management-tool/Asset-Management-Tool/apps/web/src/hooks/use-settings.ts": {"lines":{"total":26,"covered":0,"skipped":0,"pct":0},"functions":{"total":19,"covered":0,"skipped":0,"pct":0},"statements":{"total":27,"covered":0,"skipped":0,"pct":0},"branches":{"total":4,"covered":0,"skipped":0,"pct":0}}
,"/Users/jamesmartin/Projects/asset-management-tool/Asset-Management-Tool/apps/web/src/hooks/use-theme.ts": {"lines":{"total":19,"covered":0,"skipped":0,"pct":0},"functions":{"total":9,"covered":0,"skipped":0,"pct":0},"statements":{"total":22,"covered":0,"skipped":0,"pct":0},"branches":{"total":8,"covered":0,"skipped":0,"pct":0}}
,"/Users/jamesmartin/Projects/asset-management-tool/Asset-Management-Tool/apps/web/src/hooks/use-user-notifications.ts": {"lines":{"total":35,"covered":0,"skipped":0,"pct":0},"functions":{"total":26,"covered":0,"skipped":0,"pct":0},"statements":{"total":35,"covered":0,"skipped":0,"pct":0},"branches":{"total":0,"covered":0,"skipped":0,"pct":100}}
,"/Users/jamesmartin/Projects/asset-management-tool/Asset-Management-Tool/apps/web/src/hooks/use-users.ts": {"lines":{"total":8,"covered":0,"skipped":0,"pct":0},"functions":{"total":6,"covered":0,"skipped":0,"pct":0},"statements":{"total":8,"covered":0,"skipped":0,"pct":0},"branches":{"total":1,"covered":0,"skipped":0,"pct":0}}
,"/Users/jamesmartin/Projects/asset-management-tool/Asset-Management-Tool/apps/web/src/lib/api-client.ts": {"lines":{"total":59,"covered":11,"skipped":0,"pct":18.64},"functions":{"total":9,"covered":2,"skipped":0,"pct":22.22},"statements":{"total":62,"covered":11,"skipped":0,"pct":17.74},"branches":{"total":37,"covered":6,"skipped":0,"pct":16.21}}
,"/Users/jamesmartin/Projects/asset-management-tool/Asset-Management-Tool/apps/web/src/lib/auth-urls.ts": {"lines":{"total":11,"covered":7,"skipped":0,"pct":63.63},"functions":{"total":5,"covered":3,"skipped":0,"pct":60},"statements":{"total":12,"covered":7,"skipped":0,"pct":58.33},"branches":{"total":6,"covered":4,"skipped":0,"pct":66.66}}
,"/Users/jamesmartin/Projects/asset-management-tool/Asset-Management-Tool/apps/web/src/lib/chart-colors.ts": {"lines":{"total":4,"covered":4,"skipped":0,"pct":100},"functions":{"total":0,"covered":0,"skipped":0,"pct":100},"statements":{"total":4,"covered":4,"skipped":0,"pct":100},"branches":{"total":0,"covered":0,"skipped":0,"pct":100}}
,"/Users/jamesmartin/Projects/asset-management-tool/Asset-Management-Tool/apps/web/src/lib/csrf.ts": {"lines":{"total":3,"covered":3,"skipped":0,"pct":100},"functions":{"total":1,"covered":1,"skipped":0,"pct":100},"statements":{"total":3,"covered":3,"skipped":0,"pct":100},"branches":{"total":0,"covered":0,"skipped":0,"pct":100}}
,"/Users/jamesmartin/Projects/asset-management-tool/Asset-Management-Tool/apps/web/src/lib/dashboard-preferences.ts": {"lines":{"total":16,"covered":0,"skipped":0,"pct":0},"functions":{"total":3,"covered":0,"skipped":0,"pct":0},"statements":{"total":18,"covered":0,"skipped":0,"pct":0},"branches":{"total":4,"covered":0,"skipped":0,"pct":0}}
,"/Users/jamesmartin/Projects/asset-management-tool/Asset-Management-Tool/apps/web/src/lib/format.ts": {"lines":{"total":64,"covered":48,"skipped":0,"pct":75},"functions":{"total":15,"covered":11,"skipped":0,"pct":73.33},"statements":{"total":76,"covered":58,"skipped":0,"pct":76.31},"branches":{"total":61,"covered":45,"skipped":0,"pct":73.77}}
,"/Users/jamesmartin/Projects/asset-management-tool/Asset-Management-Tool/apps/web/src/lib/permissions.ts": {"lines":{"total":5,"covered":5,"skipped":0,"pct":100},"functions":{"total":4,"covered":4,"skipped":0,"pct":100},"statements":{"total":6,"covered":6,"skipped":0,"pct":100},"branches":{"total":8,"covered":8,"skipped":0,"pct":100}}
,"/Users/jamesmartin/Projects/asset-management-tool/Asset-Management-Tool/apps/web/src/lib/query-client.ts": {"lines":{"total":1,"covered":0,"skipped":0,"pct":0},"functions":{"total":0,"covered":0,"skipped":0,"pct":100},"statements":{"total":1,"covered":0,"skipped":0,"pct":0},"branches":{"total":0,"covered":0,"skipped":0,"pct":100}}
,"/Users/jamesmartin/Projects/asset-management-tool/Asset-Management-Tool/apps/web/src/lib/utils.ts": {"lines":{"total":1,"covered":0,"skipped":0,"pct":0},"functions":{"total":1,"covered":0,"skipped":0,"pct":0},"statements":{"total":1,"covered":0,"skipped":0,"pct":0},"branches":{"total":0,"covered":0,"skipped":0,"pct":100}}
,"/Users/jamesmartin/Projects/asset-management-tool/Asset-Management-Tool/apps/web/src/lib/schemas/application-type.ts": {"lines":{"total":1,"covered":0,"skipped":0,"pct":0},"functions":{"total":0,"covered":0,"skipped":0,"pct":100},"statements":{"total":1,"covered":0,"skipped":0,"pct":0},"branches":{"total":0,"covered":0,"skipped":0,"pct":100}}
,"/Users/jamesmartin/Projects/asset-management-tool/Asset-Management-Tool/apps/web/src/lib/schemas/application.ts": {"lines":{"total":4,"covered":3,"skipped":0,"pct":75},"functions":{"total":1,"covered":1,"skipped":0,"pct":100},"statements":{"total":4,"covered":3,"skipped":0,"pct":75},"branches":{"total":4,"covered":2,"skipped":0,"pct":50}}
,"/Users/jamesmartin/Projects/asset-management-tool/Asset-Management-Tool/apps/web/src/lib/schemas/asset-type.ts": {"lines":{"total":3,"covered":0,"skipped":0,"pct":0},"functions":{"total":0,"covered":0,"skipped":0,"pct":100},"statements":{"total":3,"covered":0,"skipped":0,"pct":0},"branches":{"total":0,"covered":0,"skipped":0,"pct":100}}
,"/Users/jamesmartin/Projects/asset-management-tool/Asset-Management-Tool/apps/web/src/lib/schemas/asset.ts": {"lines":{"total":1,"covered":1,"skipped":0,"pct":100},"functions":{"total":0,"covered":0,"skipped":0,"pct":100},"statements":{"total":1,"covered":1,"skipped":0,"pct":100},"branches":{"total":0,"covered":0,"skipped":0,"pct":100}}
,"/Users/jamesmartin/Projects/asset-management-tool/Asset-Management-Tool/apps/web/src/lib/schemas/certificate-type.ts": {"lines":{"total":1,"covered":0,"skipped":0,"pct":0},"functions":{"total":0,"covered":0,"skipped":0,"pct":100},"statements":{"total":1,"covered":0,"skipped":0,"pct":0},"branches":{"total":0,"covered":0,"skipped":0,"pct":100}}
,"/Users/jamesmartin/Projects/asset-management-tool/Asset-Management-Tool/apps/web/src/lib/schemas/certificate.ts": {"lines":{"total":4,"covered":4,"skipped":0,"pct":100},"functions":{"total":1,"covered":1,"skipped":0,"pct":100},"statements":{"total":4,"covered":4,"skipped":0,"pct":100},"branches":{"total":4,"covered":4,"skipped":0,"pct":100}}
,"/Users/jamesmartin/Projects/asset-management-tool/Asset-Management-Tool/apps/web/src/lib/schemas/location.ts": {"lines":{"total":1,"covered":1,"skipped":0,"pct":100},"functions":{"total":0,"covered":0,"skipped":0,"pct":100},"statements":{"total":1,"covered":1,"skipped":0,"pct":100},"branches":{"total":0,"covered":0,"skipped":0,"pct":100}}
,"/Users/jamesmartin/Projects/asset-management-tool/Asset-Management-Tool/apps/web/src/lib/schemas/person.ts": {"lines":{"total":1,"covered":1,"skipped":0,"pct":100},"functions":{"total":0,"covered":0,"skipped":0,"pct":100},"statements":{"total":1,"covered":1,"skipped":0,"pct":100},"branches":{"total":0,"covered":0,"skipped":0,"pct":100}}
}
